<?xml version="1.0" encoding="UTF-8"?>
<!-- Generated by org.testng.reporters.JUnitReportReporter -->
<testsuite skipped="0" hostname="DESKTOP-SV8B1T3" name="quickstart.AppTest" tests="1" failures="0" timestamp="2020-08-30T21:18:33 IST" time="0.016" errors="0">
  <testcase name="shouldAnswerWithTrue" time="0.016" classname="quickstart.AppTest"/>
  <system-out/>
</testsuite> <!-- quickstart.AppTest -->
