<?xml version="1.0" encoding="UTF-8"?>
<!-- Generated by org.testng.reporters.JUnitReportReporter -->
<testsuite skipped="0" hostname="DESKTOP-SV8B1T3" name="quickstart.SeleniumTest" tests="1" failures="0" timestamp="2020-08-31T19:05:19 IST" time="0.013" errors="0">
  <testcase name="BrowserOprn" time="0.013" classname="quickstart.SeleniumTest"/>
  <system-out/>
</testsuite> <!-- quickstart.SeleniumTest -->
