<?xml version="1.0" encoding="UTF-8"?>
<!-- Generated by org.testng.reporters.JUnitReportReporter -->
<testsuite skipped="0" hostname="DESKTOP-SV8B1T3" name="Academy.HomePage" tests="2" failures="0" timestamp="2020-09-04T00:44:59 IST" time="7.918" errors="0">
  <testcase name="basePageNavigation" time="3.552" classname="Academy.HomePage"/>
  <system-out/>
  <testcase name="basePageNavigation" time="4.366" classname="Academy.HomePage"/>
  <system-out/>
</testsuite> <!-- Academy.HomePage -->
