<?xml version="1.0" encoding="UTF-8"?>
<!-- Generated by org.testng.reporters.JUnitReportReporter -->
<testsuite skipped="0" hostname="DESKTOP-SV8B1T3" name="Academy.HomePage" tests="2" failures="0" timestamp="2020-09-04T01:00:13 IST" time="8.194" errors="0">
  <testcase name="basePageNavigation" time="4.767" classname="Academy.HomePage"/>
  <system-out/>
  <testcase name="basePageNavigation" time="3.427" classname="Academy.HomePage"/>
  <system-out/>
</testsuite> <!-- Academy.HomePage -->
