<?xml version="1.0" encoding="UTF-8"?>
<!-- Generated by org.testng.reporters.JUnitReportReporter -->
<testsuite skipped="0" hostname="DESKTOP-SV8B1T3" name="Academy.ValidateNavBar" tests="1" failures="0" timestamp="2020-09-04T01:00:13 IST" time="0.237" errors="0">
  <testcase name="basePageNavigation" time="0.237" classname="Academy.ValidateNavBar"/>
  <system-out/>
</testsuite> <!-- Academy.ValidateNavBar -->
